<?xml version="1.0" encoding="UTF-8"?>
<!-- Generated by org.testng.reporters.JUnitReportReporter -->
<testsuite hostname="IB-SEZ-LAP-905" failures="0" tests="1" name="SeleniumProject.PositiveLoginTest" time="0.416" errors="0" timestamp="2025-07-09T17:10:30 IST" skipped="0">
  <testcase classname="SeleniumProject.PositiveLoginTest" name="positivelogintest" time="0.416"/>
  <system-out/>
</testsuite> <!-- SeleniumProject.PositiveLoginTest -->
